<?xml version="1.0" encoding="UTF-8"?>
<!-- Generated by org.testng.reporters.JUnitXMLReporter -->
<testsuite ignored="0" hostname="TRD-LAP-156" failures="1" tests="24" name="Test" time="609.387" errors="0" timestamp="2023-03-02T18:23:27 IST">
  <testcase classname="TestCasess.TPD_Banca_Login_with_Password_Journey_BS8753" name="Login_With_Password_TPD_Banca_advisor" time="19.973"/>
  <testcase classname="TestCasess.TPD_Banca_Login_with_Password_Journey_BS8753" name="Login_WthPassword_verify_theDashboard_page" time="23.509"/>
  <testcase classname="TestCasess.TPD_Banca_Login_with_Password_Journey_BS8753" name="logout_with_Password_TPD_Banca_Verify_the_Welcome_to_Service_Buddy_LinkText" time="26.553"/>
  <testcase classname="TestCasess.HDFC_Login_with_OTP_Journey_LF0438" name="Login_WithOTP_HDFC_advisor" time="20.201"/>
  <testcase classname="TestCasess.HDFC_Login_with_OTP_Journey_LF0438" name="HDFC_Advisor_Dashboard" time="19.987"/>
  <testcase classname="TestCasess.HDFC_Login_with_OTP_Journey_LF0438" name="logout_with_HDFC_Advisor" time="23.406"/>
  <testcase classname="TestCasess.TPD_Banca_Login_with_OTP_Journey_BS8753" name="Login_WithOTP_TPD_Banca_advisor" time="18.636"/>
  <testcase classname="TestCasess.TPD_Banca_Login_with_OTP_Journey_BS8753" name="TPD_Banca_Dashboard" time="21.556"/>
  <testcase classname="TestCasess.TPD_Banca_Login_with_OTP_Journey_BS8753" name="logout_with_TPD_Banca_Advisor" time="24.302"/>
  <testcase classname="TestCasess.HDFC_Login_with_Password_Journey_LF0438" name="Login_With_Password_HDFC_advisor" time="33.113"/>
  <testcase classname="TestCasess.HDFC_Login_with_Password_Journey_LF0438" name="Login_WthPassword_verify_theDashboard_page" time="23.412"/>
  <testcase classname="TestCasess.HDFC_Login_with_Password_Journey_LF0438" name="logout_with_Password_HDFC_Advisor_Verify_the_Welcome_to_Service_Buddy_LinkText" time="25.368"/>
  <testcase classname="TestCasess.APC_Login_with_Password_Journey_BG8127" name="Login_With_Password_APC_advisor" time="21.517"/>
  <testcase classname="TestCasess.APC_Login_with_Password_Journey_BG8127" name="Login_WthPassword_verify_theDashboard_page" time="26.043"/>
  <testcase classname="TestCasess.APC_Login_with_Password_Journey_BG8127" name="logout_with_Password_APC_Advisor_Verify_the_Welcome_to_Service_Buddy_LinkText" time="44.975"/>
  <testcase classname="TestCasess.DSF_Login_With_Password_Journey_660281" name="Login_With_Password_DSF_advisor" time="22.765"/>
  <testcase classname="TestCasess.DSF_Login_With_Password_Journey_660281" name="Login_WthPassword_verify_theDashboard_page" time="22.14"/>
  <testcase classname="TestCasess.DSF_Login_With_Password_Journey_660281" name="logout_with_Password_DSF_Advisor_Verify_the_Welcome_to_Service_Buddy_LinkText" time="33.018"/>
  <testcase classname="TestCasess.APC_Login_with_OTP_Journey_BG8127" name="Login_WithOTP_APC_advisor" time="23.342"/>
  <testcase classname="TestCasess.APC_Login_with_OTP_Journey_BG8127" name="APC_Advisor_Dashboard" time="23.491"/>
  <testcase classname="TestCasess.APC_Login_with_OTP_Journey_BG8127" name="logout_with_APC_Advisor" time="32.11"/>
  <testcase classname="TestCasess.DSF_Login_withOTP_Journey_660281" name="Login_WithOTP_DSF_advisor" time="25.041"/>
  <testcase classname="TestCasess.DSF_Login_withOTP_Journey_660281" name="logout_with_DSF_Advisor" time="24.459"/>
  <testcase classname="TestCasess.DSF_Login_withOTP_Journey_660281" name="DSF_Advisor_Dashboard" time="30.206">
    <failure type="org.openqa.selenium.NoSuchElementException" message="no such element: Unable to locate element: {&amp;quot;method&amp;quot;:&amp;quot;xpath&amp;quot;,&amp;quot;selector&amp;quot;:&amp;quot;//span[@id=&amp;apos;profile-tab&amp;apos;]&amp;quot;}
  (Session info: chrome=110.0.5481.178)
For documentation on this error, please visit: https://selenium.dev/exceptions/#no_such_element
Build info: version: &amp;apos;4.7.2&amp;apos;, revision: &amp;apos;4d4020c3b7&amp;apos;
System info: os.name: &amp;apos;Windows 11&amp;apos;, os.arch: &amp;apos;amd64&amp;apos;, os.version: &amp;apos;10.0&amp;apos;, java.version: &amp;apos;19.0.1&amp;apos;
Driver info: org.openqa.selenium.chrome.ChromeDriver
Command: [80fb6879449c3d06f10521e93213c3e8, findElement {using=xpath, value=//span[@id=&amp;apos;profile-tab&amp;apos;]}]
Capabilities {acceptInsecureCerts: false, browserName: chrome, browserVersion: 110.0.5481.178, chrome: {chromedriverVersion: 109.0.5414.74 (e7c5703604da..., userDataDir: C:\Users\Pruthish\AppData\L...}, goog:chromeOptions: {debuggerAddress: localhost:53673}, networkConnectionEnabled: false, pageLoadStrategy: normal, platformName: WINDOWS, proxy: Proxy(), se:cdp: ws://localhost:53673/devtoo..., se:cdpVersion: 110.0.5481.178, setWindowRect: true, strictFileInteractability: false, timeouts: {implicit: 0, pageLoad: 300000, script: 30000}, unhandledPromptBehavior: dismiss and notify, webauthn:extension:credBlob: true, webauthn:extension:largeBlob: true, webauthn:virtualAuthenticators: true}
Session ID: 80fb6879449c3d06f10521e93213c3e8">
      <![CDATA[org.openqa.selenium.NoSuchElementException: no such element: Unable to locate element: {"method":"xpath","selector":"//span[@id='profile-tab']"}
  (Session info: chrome=110.0.5481.178)
For documentation on this error, please visit: https://selenium.dev/exceptions/#no_such_element
Build info: version: '4.7.2', revision: '4d4020c3b7'
System info: os.name: 'Windows 11', os.arch: 'amd64', os.version: '10.0', java.version: '19.0.1'
Driver info: org.openqa.selenium.chrome.ChromeDriver
Command: [80fb6879449c3d06f10521e93213c3e8, findElement {using=xpath, value=//span[@id='profile-tab']}]
Capabilities {acceptInsecureCerts: false, browserName: chrome, browserVersion: 110.0.5481.178, chrome: {chromedriverVersion: 109.0.5414.74 (e7c5703604da..., userDataDir: C:\Users\Pruthish\AppData\L...}, goog:chromeOptions: {debuggerAddress: localhost:53673}, networkConnectionEnabled: false, pageLoadStrategy: normal, platformName: WINDOWS, proxy: Proxy(), se:cdp: ws://localhost:53673/devtoo..., se:cdpVersion: 110.0.5481.178, setWindowRect: true, strictFileInteractability: false, timeouts: {implicit: 0, pageLoad: 300000, script: 30000}, unhandledPromptBehavior: dismiss and notify, webauthn:extension:credBlob: true, webauthn:extension:largeBlob: true, webauthn:virtualAuthenticators: true}
Session ID: 80fb6879449c3d06f10521e93213c3e8
at org.openqa.selenium.remote.codec.w3c.W3CHttpResponseCodec.createException(W3CHttpResponseCodec.java:200)
at org.openqa.selenium.remote.codec.w3c.W3CHttpResponseCodec.decode(W3CHttpResponseCodec.java:133)
at org.openqa.selenium.remote.codec.w3c.W3CHttpResponseCodec.decode(W3CHttpResponseCodec.java:53)
at org.openqa.selenium.remote.HttpCommandExecutor.execute(HttpCommandExecutor.java:184)
at org.openqa.selenium.remote.service.DriverCommandExecutor.invokeExecute(DriverCommandExecutor.java:167)
at org.openqa.selenium.remote.service.DriverCommandExecutor.execute(DriverCommandExecutor.java:142)
at org.openqa.selenium.remote.RemoteWebDriver.execute(RemoteWebDriver.java:535)
at org.openqa.selenium.remote.ElementLocation$ElementFinder$2.findElement(ElementLocation.java:162)
at org.openqa.selenium.remote.ElementLocation.findElement(ElementLocation.java:60)
at org.openqa.selenium.remote.RemoteWebDriver.findElement(RemoteWebDriver.java:351)
at org.openqa.selenium.remote.RemoteWebDriver.findElement(RemoteWebDriver.java:343)
at TestCasess.DSF_Login_withOTP_Journey_660281.DSF_Advisor_Dashboard(DSF_Login_withOTP_Journey_660281.java:104)
at java.base/java.util.ArrayList.forEach(ArrayList.java:1511)
... Removed 28 stack frames]]>
    </failure>
  </testcase> <!-- DSF_Advisor_Dashboard -->
</testsuite> <!-- Test -->
